[0801/104551.104:ERROR:process_memory_win.cc(73)] ReadMemory at 0x7ff64c890000 of 64 bytes failed: Only part of a ReadProcessMemory or WriteProcessMemory request was completed. (0x12B)
[0801/104551.104:WARNING:pe_image_reader.cc(340)] could not read dos header from C:\Program Files (x86)\Google\Chrome\Application\chrome.exe
[0801/104551.104:ERROR:process_memory_win.cc(73)] ReadMemory at 0x7fffc2760000 of 64 bytes failed: Only part of a ReadProcessMemory or WriteProcessMemory request was completed. (0x12B)
[0801/104551.105:WARNING:pe_image_reader.cc(340)] could not read dos header from C:\Windows\SYSTEM32\ntdll.dll
[0801/104551.105:ERROR:process_memory_win.cc(73)] ReadMemory at 0x7fffc1480000 of 64 bytes failed: Only part of a ReadProcessMemory or WriteProcessMemory request was completed. (0x12B)
[0801/104551.105:WARNING:pe_image_reader.cc(340)] could not read dos header from C:\Windows\System32\KERNEL32.DLL
[0801/104551.105:ERROR:process_memory_win.cc(73)] ReadMemory at 0x7fffbf6e0000 of 64 bytes failed: Only part of a ReadProcessMemory or WriteProcessMemory request was completed. (0x12B)
[0801/104551.105:WARNING:pe_image_reader.cc(340)] could not read dos header from C:\Windows\System32\KERNELBASE.dll
[0801/104551.105:ERROR:process_memory_win.cc(73)] ReadMemory at 0x7fff86520000 of 64 bytes failed: Only part of a ReadProcessMemory or WriteProcessMemory request was completed. (0x12B)
[0801/104551.105:WARNING:pe_image_reader.cc(340)] could not read dos header from C:\Program Files (x86)\Google\Chrome\Application\84.0.4147.105\chrome_elf.dll
[0801/104551.105:ERROR:process_memory_win.cc(73)] ReadMemory at 0x7fffb99c0000 of 64 bytes failed: Only part of a ReadProcessMemory or WriteProcessMemory request was completed. (0x12B)
[0801/104551.105:WARNING:pe_image_reader.cc(340)] could not read dos header from C:\Windows\SYSTEM32\VERSION.dll
[0801/104551.105:ERROR:process_memory_win.cc(73)] ReadMemory at 0x7fffc2540000 of 64 bytes failed: Only part of a ReadProcessMemory or WriteProcessMemory request was completed. (0x12B)
[0801/104551.105:WARNING:pe_image_reader.cc(340)] could not read dos header from C:\Windows\System32\msvcrt.dll
[0801/104551.105:ERROR:process_memory_win.cc(73)] ReadMemory at 0x7fffbfd80000 of 64 bytes failed: Only part of a ReadProcessMemory or WriteProcessMemory request was completed. (0x12B)
[0801/104551.105:WARNING:pe_image_reader.cc(340)] could not read dos header from C:\Windows\System32\bcryptPrimitives.dll
[0801/104551.105:ERROR:process_memory_win.cc(73)] ReadMemory at 0x7fffc2400000 of 64 bytes failed: Only part of a ReadProcessMemory or WriteProcessMemory request was completed. (0x12B)
[0801/104551.105:WARNING:pe_image_reader.cc(340)] could not read dos header from C:\Windows\System32\ADVAPI32.dll
[0801/104551.105:ERROR:process_memory_win.cc(73)] ReadMemory at 0x7fffc0ec0000 of 64 bytes failed: Only part of a ReadProcessMemory or WriteProcessMemory request was completed. (0x12B)
[0801/104551.105:WARNING:pe_image_reader.cc(340)] could not read dos header from C:\Windows\System32\sechost.dll
[0801/104551.105:ERROR:process_memory_win.cc(73)] ReadMemory at 0x7fffc0f60000 of 64 bytes failed: Only part of a ReadProcessMemory or WriteProcessMemory request was completed. (0x12B)
[0801/104551.105:WARNING:pe_image_reader.cc(340)] could not read dos header from C:\Windows\System32\RPCRT4.dll
[0801/104551.105:ERROR:process_memory_win.cc(73)] ReadMemory at 0x7fff3ebc0000 of 64 bytes failed: Only part of a ReadProcessMemory or WriteProcessMemory request was completed. (0x12B)
[0801/104551.105:WARNING:pe_image_reader.cc(340)] could not read dos header from C:\Program Files (x86)\Google\Chrome\Application\84.0.4147.105\chrome.dll
[0801/104551.105:ERROR:process_memory_win.cc(73)] ReadMemory at 0x7fffc1410000 of 64 bytes failed: Only part of a ReadProcessMemory or WriteProcessMemory request was completed. (0x12B)
[0801/104551.105:WARNING:pe_image_reader.cc(340)] could not read dos header from C:\Windows\System32\WS2_32.dll
[0801/104551.105:ERROR:process_memory_win.cc(73)] ReadMemory at 0x7fffc0810000 of 64 bytes failed: Only part of a ReadProcessMemory or WriteProcessMemory request was completed. (0x12B)
[0801/104551.105:WARNING:pe_image_reader.cc(340)] could not read dos header from C:\Windows\System32\OLEAUT32.dll
[0801/104551.105:ERROR:process_memory_win.cc(73)] ReadMemory at 0x7fffbff30000 of 64 bytes failed: Only part of a ReadProcessMemory or WriteProcessMemory request was completed. (0x12B)
[0801/104551.105:WARNING:pe_image_reader.cc(340)] could not read dos header from C:\Windows\System32\msvcp_win.dll
[0801/104551.105:ERROR:process_memory_win.cc(73)] ReadMemory at 0x7fffbfe00000 of 64 bytes failed: Only part of a ReadProcessMemory or WriteProcessMemory request was completed. (0x12B)
[0801/104551.105:WARNING:pe_image_reader.cc(340)] could not read dos header from C:\Windows\System32\ucrtbase.dll
[0801/104551.105:ERROR:process_memory_win.cc(73)] ReadMemory at 0x7fffc15d0000 of 64 bytes failed: Only part of a ReadProcessMemory or WriteProcessMemory request was completed. (0x12B)
[0801/104551.105:WARNING:pe_image_reader.cc(340)] could not read dos header from C:\Windows\System32\combase.dll
[0801/104551.105:ERROR:process_memory_win.cc(73)] ReadMemory at 0x7fffbf990000 of 64 bytes failed: Only part of a ReadProcessMemory or WriteProcessMemory request was completed. (0x12B)
[0801/104551.105:WARNING:pe_image_reader.cc(340)] could not read dos header from C:\Windows\System32\WINTRUST.dll
[0801/104551.105:ERROR:process_memory_win.cc(73)] ReadMemory at 0x7fffbf650000 of 64 bytes failed: Only part of a ReadProcessMemory or WriteProcessMemory request was completed. (0x12B)
[0801/104551.105:WARNING:pe_image_reader.cc(340)] could not read dos header from C:\Windows\System32\MSASN1.dll
[0801/104551.105:ERROR:process_memory_win.cc(73)] ReadMemory at 0x7fffbfc10000 of 64 bytes failed: Only part of a ReadProcessMemory or WriteProcessMemory request was completed. (0x12B)
[0801/104551.105:WARNING:pe_image_reader.cc(340)] could not read dos header from C:\Windows\System32\CRYPT32.dll
[0801/104551.105:ERROR:process_memory_win.cc(73)] ReadMemory at 0x7fffbeb50000 of 64 bytes failed: Only part of a ReadProcessMemory or WriteProcessMemory request was completed. (0x12B)
[0801/104551.105:WARNING:pe_image_reader.cc(340)] could not read dos header from C:\Windows\SYSTEM32\IPHLPAPI.DLL
[0801/104551.106:ERROR:process_memory_win.cc(73)] ReadMemory at 0x7fffbd340000 of 64 bytes failed: Only part of a ReadProcessMemory or WriteProcessMemory request was completed. (0x12B)
[0801/104551.106:WARNING:pe_image_reader.cc(340)] could not read dos header from C:\Windows\SYSTEM32\WINMM.dll
[0801/104551.106:ERROR:process_memory_win.cc(73)] ReadMemory at 0x7fffaf7e0000 of 64 bytes failed: Only part of a ReadProcessMemory or WriteProcessMemory request was completed. (0x12B)
[0801/104551.106:WARNING:pe_image_reader.cc(340)] could not read dos header from C:\Windows\SYSTEM32\Secur32.dll
[0801/104551.106:ERROR:process_memory_win.cc(73)] ReadMemory at 0x7fffbf500000 of 64 bytes failed: Only part of a ReadProcessMemory or WriteProcessMemory request was completed. (0x12B)
[0801/104551.106:WARNING:pe_image_reader.cc(340)] could not read dos header from C:\Windows\SYSTEM32\USERENV.dll
[0801/104551.106:ERROR:process_memory_win.cc(73)] ReadMemory at 0x7fffbf620000 of 64 bytes failed: Only part of a ReadProcessMemory or WriteProcessMemory request was completed. (0x12B)
[0801/104551.106:WARNING:pe_image_reader.cc(340)] could not read dos header from C:\Windows\System32\profapi.dll
[0801/104551.106:ERROR:process_memory_win.cc(73)] ReadMemory at 0x7fff916b0000 of 64 bytes failed: Only part of a ReadProcessMemory or WriteProcessMemory request was completed. (0x12B)
[0801/104551.106:WARNING:pe_image_reader.cc(340)] could not read dos header from C:\Windows\SYSTEM32\UIAutomationCore.DLL
[0801/104551.106:ERROR:process_memory_win.cc(73)] ReadMemory at 0x7fffae800000 of 64 bytes failed: Only part of a ReadProcessMemory or WriteProcessMemory request was completed. (0x12B)
[0801/104551.106:WARNING:pe_image_reader.cc(340)] could not read dos header from C:\Windows\SYSTEM32\DWrite.dll
[0801/104551.106:ERROR:process_memory_win.cc(73)] ReadMemory at 0x7fffae120000 of 64 bytes failed: Only part of a ReadProcessMemory or WriteProcessMemory request was completed. (0x12B)
[0801/104551.106:WARNING:pe_image_reader.cc(340)] could not read dos header from C:\Windows\SYSTEM32\WINSPOOL.DRV
[0801/104551.106:ERROR:process_memory_win.cc(73)] ReadMemory at 0x7fffbf670000 of 64 bytes failed: Only part of a ReadProcessMemory or WriteProcessMemory request was completed. (0x12B)
[0801/104551.106:WARNING:pe_image_reader.cc(340)] could not read dos header from C:\Windows\System32\kernel.appcore.dll
[0801/104551.106:ERROR:process_memory_win.cc(73)] ReadMemory at 0x7fffbfa40000 of 64 bytes failed: Only part of a ReadProcessMemory or WriteProcessMemory request was completed. (0x12B)
[0801/104551.106:WARNING:pe_image_reader.cc(340)] could not read dos header from C:\Windows\System32\bcrypt.dll
[0801/104551.106:ERROR:process_memory_win.cc(73)] ReadMemory at 0x7fffbde60000 of 64 bytes failed: Only part of a ReadProcessMemory or WriteProcessMemory request was completed. (0x12B)
[0801/104551.106:WARNING:pe_image_reader.cc(340)] could not read dos header from C:\Windows\SYSTEM32\dbghelp.dll
[0801/104551.106:ERROR:process_memory_win.cc(73)] ReadMemory at 0x7fffbaa70000 of 64 bytes failed: Only part of a ReadProcessMemory or WriteProcessMemory request was completed. (0x12B)
[0801/104551.106:WARNING:pe_image_reader.cc(340)] could not read dos header from C:\Windows\SYSTEM32\WINHTTP.dll
[0801/104551.106:ERROR:process_memory_win.cc(73)] ReadMemory at 0x7fffba120000 of 64 bytes failed: Only part of a ReadProcessMemory or WriteProcessMemory request was completed. (0x12B)
[0801/104551.106:WARNING:pe_image_reader.cc(340)] could not read dos header from C:\Windows\SYSTEM32\dhcpcsvc.DLL
[0801/104551.106:ERROR:process_memory_win.cc(73)] ReadMemory at 0x7fffc15c0000 of 64 bytes failed: Only part of a ReadProcessMemory or WriteProcessMemory request was completed. (0x12B)
[0801/104551.106:WARNING:pe_image_reader.cc(340)] could not read dos header from C:\Windows\System32\NSI.dll
[0801/104551.106:ERROR:process_memory_win.cc(73)] ReadMemory at 0x7fffbd1e0000 of 64 bytes failed: Only part of a ReadProcessMemory or WriteProcessMemory request was completed. (0x12B)
[0801/104551.106:WARNING:pe_image_reader.cc(340)] could not read dos header from C:\Windows\SYSTEM32\WINMMBASE.dll
[0801/104551.106:ERROR:process_memory_win.cc(73)] ReadMemory at 0x7fffbf9f0000 of 64 bytes failed: Only part of a ReadProcessMemory or WriteProcessMemory request was completed. (0x12B)
[0801/104551.106:WARNING:pe_image_reader.cc(340)] could not read dos header from C:\Windows\System32\cfgmgr32.dll
[0801/104551.106:ERROR:process_memory_win.cc(73)] ReadMemory at 0x7fffbbb40000 of 64 bytes failed: Only part of a ReadProcessMemory or WriteProcessMemory request was completed. (0x12B)
[0801/104551.106:WARNING:pe_image_reader.cc(340)] could not read dos header from C:\Windows\SYSTEM32\PROPSYS.dll
[0801/104551.106:ERROR:process_memory_win.cc(73)] ReadMemory at 0x7fffc0e10000 of 64 bytes failed: Only part of a ReadProcessMemory or WriteProcessMemory request was completed. (0x12B)
[0801/104551.106:WARNING:pe_image_reader.cc(340)] could not read dos header from C:\Windows\System32\shcore.dll
[0801/104551.106:ERROR:process_memory_win.cc(73)] ReadMemory at 0x7fffbf530000 of 64 bytes failed: Only part of a ReadProcessMemory or WriteProcessMemory request was completed. (0x12B)
[0801/104551.106:WARNING:pe_image_reader.cc(340)] could not read dos header from C:\Windows\SYSTEM32\SSPICLI.DLL
[0801/104551.106:ERROR:process_memory_win.cc(73)] ReadMemory at 0x7fffbefb0000 of 64 bytes failed: Only part of a ReadProcessMemory or WriteProcessMemory request was completed. (0x12B)
[0801/104551.106:WARNING:pe_image_reader.cc(340)] could not read dos header from C:\Windows\SYSTEM32\CRYPTBASE.DLL
[0801/104551.109:ERROR:process_memory_win.cc(73)] ReadMemory at 0x7ff64c890000 of 64 bytes failed: Only part of a ReadProcessMemory or WriteProcessMemory request was completed. (0x12B)
[0801/104551.109:WARNING:pe_image_reader.cc(340)] could not read dos header from C:\Program Files (x86)\Google\Chrome\Application\chrome.exe
[0801/104551.109:ERROR:process_memory_win.cc(73)] ReadMemory at 0x7fffc2760000 of 64 bytes failed: Only part of a ReadProcessMemory or WriteProcessMemory request was completed. (0x12B)
[0801/104551.109:WARNING:pe_image_reader.cc(340)] could not read dos header from C:\Windows\SYSTEM32\ntdll.dll
[0801/104551.109:ERROR:process_memory_win.cc(73)] ReadMemory at 0x7fffc1480000 of 64 bytes failed: Only part of a ReadProcessMemory or WriteProcessMemory request was completed. (0x12B)
[0801/104551.109:WARNING:pe_image_reader.cc(340)] could not read dos header from C:\Windows\System32\KERNEL32.DLL
[0801/104551.109:ERROR:process_memory_win.cc(73)] ReadMemory at 0x7fffbf6e0000 of 64 bytes failed: Only part of a ReadProcessMemory or WriteProcessMemory request was completed. (0x12B)
[0801/104551.109:WARNING:pe_image_reader.cc(340)] could not read dos header from C:\Windows\System32\KERNELBASE.dll
[0801/104551.109:ERROR:process_memory_win.cc(73)] ReadMemory at 0x7fff86520000 of 64 bytes failed: Only part of a ReadProcessMemory or WriteProcessMemory request was completed. (0x12B)
[0801/104551.109:WARNING:pe_image_reader.cc(340)] could not read dos header from C:\Program Files (x86)\Google\Chrome\Application\84.0.4147.105\chrome_elf.dll
[0801/104551.109:ERROR:process_memory_win.cc(73)] ReadMemory at 0x7fffb99c0000 of 64 bytes failed: Only part of a ReadProcessMemory or WriteProcessMemory request was completed. (0x12B)
[0801/104551.109:WARNING:pe_image_reader.cc(340)] could not read dos header from C:\Windows\SYSTEM32\VERSION.dll
[0801/104551.109:ERROR:process_memory_win.cc(73)] ReadMemory at 0x7fffc2540000 of 64 bytes failed: Only part of a ReadProcessMemory or WriteProcessMemory request was completed. (0x12B)
[0801/104551.110:WARNING:pe_image_reader.cc(340)] could not read dos header from C:\Windows\System32\msvcrt.dll
[0801/104551.110:ERROR:process_memory_win.cc(73)] ReadMemory at 0x7fffbfd80000 of 64 bytes failed: Only part of a ReadProcessMemory or WriteProcessMemory request was completed. (0x12B)
[0801/104551.110:WARNING:pe_image_reader.cc(340)] could not read dos header from C:\Windows\System32\bcryptPrimitives.dll
[0801/104551.110:ERROR:process_memory_win.cc(73)] ReadMemory at 0x7fffc2400000 of 64 bytes failed: Only part of a ReadProcessMemory or WriteProcessMemory request was completed. (0x12B)
[0801/104551.110:WARNING:pe_image_reader.cc(340)] could not read dos header from C:\Windows\System32\ADVAPI32.dll
[0801/104551.110:ERROR:process_memory_win.cc(73)] ReadMemory at 0x7fffc0ec0000 of 64 bytes failed: Only part of a ReadProcessMemory or WriteProcessMemory request was completed. (0x12B)
[0801/104551.110:WARNING:pe_image_reader.cc(340)] could not read dos header from C:\Windows\System32\sechost.dll
[0801/104551.110:ERROR:process_memory_win.cc(73)] ReadMemory at 0x7fffc0f60000 of 64 bytes failed: Only part of a ReadProcessMemory or WriteProcessMemory request was completed. (0x12B)
[0801/104551.110:WARNING:pe_image_reader.cc(340)] could not read dos header from C:\Windows\System32\RPCRT4.dll
[0801/104551.110:ERROR:process_memory_win.cc(73)] ReadMemory at 0x7fff3ebc0000 of 64 bytes failed: Only part of a ReadProcessMemory or WriteProcessMemory request was completed. (0x12B)
[0801/104551.110:WARNING:pe_image_reader.cc(340)] could not read dos header from C:\Program Files (x86)\Google\Chrome\Application\84.0.4147.105\chrome.dll
[0801/104551.110:ERROR:process_memory_win.cc(73)] ReadMemory at 0x7fffc1410000 of 64 bytes failed: Only part of a ReadProcessMemory or WriteProcessMemory request was completed. (0x12B)
[0801/104551.110:WARNING:pe_image_reader.cc(340)] could not read dos header from C:\Windows\System32\WS2_32.dll
[0801/104551.110:ERROR:process_memory_win.cc(73)] ReadMemory at 0x7fffc0810000 of 64 bytes failed: Only part of a ReadProcessMemory or WriteProcessMemory request was completed. (0x12B)
[0801/104551.110:WARNING:pe_image_reader.cc(340)] could not read dos header from C:\Windows\System32\OLEAUT32.dll
[0801/104551.110:ERROR:process_memory_win.cc(73)] ReadMemory at 0x7fffbff30000 of 64 bytes failed: Only part of a ReadProcessMemory or WriteProcessMemory request was completed. (0x12B)
[0801/104551.110:WARNING:pe_image_reader.cc(340)] could not read dos header from C:\Windows\System32\msvcp_win.dll
[0801/104551.110:ERROR:process_memory_win.cc(73)] ReadMemory at 0x7fffbfe00000 of 64 bytes failed: Only part of a ReadProcessMemory or WriteProcessMemory request was completed. (0x12B)
[0801/104551.110:WARNING:pe_image_reader.cc(340)] could not read dos header from C:\Windows\System32\ucrtbase.dll
[0801/104551.110:ERROR:process_memory_win.cc(73)] ReadMemory at 0x7fffc15d0000 of 64 bytes failed: Only part of a ReadProcessMemory or WriteProcessMemory request was completed. (0x12B)
[0801/104551.110:WARNING:pe_image_reader.cc(340)] could not read dos header from C:\Windows\System32\combase.dll
[0801/104551.110:ERROR:process_memory_win.cc(73)] ReadMemory at 0x7fffbf990000 of 64 bytes failed: Only part of a ReadProcessMemory or WriteProcessMemory request was completed. (0x12B)
[0801/104551.110:WARNING:pe_image_reader.cc(340)] could not read dos header from C:\Windows\System32\WINTRUST.dll
[0801/104551.110:ERROR:process_memory_win.cc(73)] ReadMemory at 0x7fffbf650000 of 64 bytes failed: Only part of a ReadProcessMemory or WriteProcessMemory request was completed. (0x12B)
[0801/104551.110:WARNING:pe_image_reader.cc(340)] could not read dos header from C:\Windows\System32\MSASN1.dll
[0801/104551.110:ERROR:process_memory_win.cc(73)] ReadMemory at 0x7fffbfc10000 of 64 bytes failed: Only part of a ReadProcessMemory or WriteProcessMemory request was completed. (0x12B)
[0801/104551.110:WARNING:pe_image_reader.cc(340)] could not read dos header from C:\Windows\System32\CRYPT32.dll
[0801/104551.110:ERROR:process_memory_win.cc(73)] ReadMemory at 0x7fffbeb50000 of 64 bytes failed: Only part of a ReadProcessMemory or WriteProcessMemory request was completed. (0x12B)
[0801/104551.110:WARNING:pe_image_reader.cc(340)] could not read dos header from C:\Windows\SYSTEM32\IPHLPAPI.DLL
[0801/104551.110:ERROR:process_memory_win.cc(73)] ReadMemory at 0x7fffbd340000 of 64 bytes failed: Only part of a ReadProcessMemory or WriteProcessMemory request was completed. (0x12B)
[0801/104551.110:WARNING:pe_image_reader.cc(340)] could not read dos header from C:\Windows\SYSTEM32\WINMM.dll
[0801/104551.110:ERROR:process_memory_win.cc(73)] ReadMemory at 0x7fffaf7e0000 of 64 bytes failed: Only part of a ReadProcessMemory or WriteProcessMemory request was completed. (0x12B)
[0801/104551.110:WARNING:pe_image_reader.cc(340)] could not read dos header from C:\Windows\SYSTEM32\Secur32.dll
[0801/104551.110:ERROR:process_memory_win.cc(73)] ReadMemory at 0x7fffbf500000 of 64 bytes failed: Only part of a ReadProcessMemory or WriteProcessMemory request was completed. (0x12B)
[0801/104551.110:WARNING:pe_image_reader.cc(340)] could not read dos header from C:\Windows\SYSTEM32\USERENV.dll
[0801/104551.110:ERROR:process_memory_win.cc(73)] ReadMemory at 0x7fffbf620000 of 64 bytes failed: Only part of a ReadProcessMemory or WriteProcessMemory request was completed. (0x12B)
[0801/104551.110:WARNING:pe_image_reader.cc(340)] could not read dos header from C:\Windows\System32\profapi.dll
[0801/104551.110:ERROR:process_memory_win.cc(73)] ReadMemory at 0x7fff916b0000 of 64 bytes failed: Only part of a ReadProcessMemory or WriteProcessMemory request was completed. (0x12B)
[0801/104551.110:WARNING:pe_image_reader.cc(340)] could not read dos header from C:\Windows\SYSTEM32\UIAutomationCore.DLL
[0801/104551.110:ERROR:process_memory_win.cc(73)] ReadMemory at 0x7fffae800000 of 64 bytes failed: Only part of a ReadProcessMemory or WriteProcessMemory request was completed. (0x12B)
[0801/104551.110:WARNING:pe_image_reader.cc(340)] could not read dos header from C:\Windows\SYSTEM32\DWrite.dll
[0801/104551.110:ERROR:process_memory_win.cc(73)] ReadMemory at 0x7fffae120000 of 64 bytes failed: Only part of a ReadProcessMemory or WriteProcessMemory request was completed. (0x12B)
[0801/104551.110:WARNING:pe_image_reader.cc(340)] could not read dos header from C:\Windows\SYSTEM32\WINSPOOL.DRV
[0801/104551.110:ERROR:process_memory_win.cc(73)] ReadMemory at 0x7fffbf670000 of 64 bytes failed: Only part of a ReadProcessMemory or WriteProcessMemory request was completed. (0x12B)
[0801/104551.110:WARNING:pe_image_reader.cc(340)] could not read dos header from C:\Windows\System32\kernel.appcore.dll
[0801/104551.110:ERROR:process_memory_win.cc(73)] ReadMemory at 0x7fffbfa40000 of 64 bytes failed: Only part of a ReadProcessMemory or WriteProcessMemory request was completed. (0x12B)
[0801/104551.110:WARNING:pe_image_reader.cc(340)] could not read dos header from C:\Windows\System32\bcrypt.dll
[0801/104551.110:ERROR:process_memory_win.cc(73)] ReadMemory at 0x7fffbde60000 of 64 bytes failed: Only part of a ReadProcessMemory or WriteProcessMemory request was completed. (0x12B)
[0801/104551.111:WARNING:pe_image_reader.cc(340)] could not read dos header from C:\Windows\SYSTEM32\dbghelp.dll
[0801/104551.111:ERROR:process_memory_win.cc(73)] ReadMemory at 0x7fffbaa70000 of 64 bytes failed: Only part of a ReadProcessMemory or WriteProcessMemory request was completed. (0x12B)
[0801/104551.111:WARNING:pe_image_reader.cc(340)] could not read dos header from C:\Windows\SYSTEM32\WINHTTP.dll
[0801/104551.111:ERROR:process_memory_win.cc(73)] ReadMemory at 0x7fffba120000 of 64 bytes failed: Only part of a ReadProcessMemory or WriteProcessMemory request was completed. (0x12B)
[0801/104551.111:WARNING:pe_image_reader.cc(340)] could not read dos header from C:\Windows\SYSTEM32\dhcpcsvc.DLL
[0801/104551.111:ERROR:process_memory_win.cc(73)] ReadMemory at 0x7fffc15c0000 of 64 bytes failed: Only part of a ReadProcessMemory or WriteProcessMemory request was completed. (0x12B)
[0801/104551.111:WARNING:pe_image_reader.cc(340)] could not read dos header from C:\Windows\System32\NSI.dll
[0801/104551.111:ERROR:process_memory_win.cc(73)] ReadMemory at 0x7fffbd1e0000 of 64 bytes failed: Only part of a ReadProcessMemory or WriteProcessMemory request was completed. (0x12B)
[0801/104551.111:WARNING:pe_image_reader.cc(340)] could not read dos header from C:\Windows\SYSTEM32\WINMMBASE.dll
[0801/104551.111:ERROR:process_memory_win.cc(73)] ReadMemory at 0x7fffbf9f0000 of 64 bytes failed: Only part of a ReadProcessMemory or WriteProcessMemory request was completed. (0x12B)
[0801/104551.111:WARNING:pe_image_reader.cc(340)] could not read dos header from C:\Windows\System32\cfgmgr32.dll
[0801/104551.111:ERROR:process_memory_win.cc(73)] ReadMemory at 0x7fffbbb40000 of 64 bytes failed: Only part of a ReadProcessMemory or WriteProcessMemory request was completed. (0x12B)
[0801/104551.111:WARNING:pe_image_reader.cc(340)] could not read dos header from C:\Windows\SYSTEM32\PROPSYS.dll
[0801/104551.111:ERROR:process_memory_win.cc(73)] ReadMemory at 0x7fffc0e10000 of 64 bytes failed: Only part of a ReadProcessMemory or WriteProcessMemory request was completed. (0x12B)
[0801/104551.111:WARNING:pe_image_reader.cc(340)] could not read dos header from C:\Windows\System32\shcore.dll
[0801/104551.111:ERROR:process_memory_win.cc(73)] ReadMemory at 0x7fffbf530000 of 64 bytes failed: Only part of a ReadProcessMemory or WriteProcessMemory request was completed. (0x12B)
[0801/104551.111:WARNING:pe_image_reader.cc(340)] could not read dos header from C:\Windows\SYSTEM32\SSPICLI.DLL
[0801/104551.111:ERROR:process_memory_win.cc(73)] ReadMemory at 0x7fffbefb0000 of 64 bytes failed: Only part of a ReadProcessMemory or WriteProcessMemory request was completed. (0x12B)
[0801/104551.111:WARNING:pe_image_reader.cc(340)] could not read dos header from C:\Windows\SYSTEM32\CRYPTBASE.DLL
[0801/104551.111:ERROR:process_memory_win.cc(73)] ReadMemory at 0x7ff64c890000 of 64 bytes failed: Only part of a ReadProcessMemory or WriteProcessMemory request was completed. (0x12B)
[0801/104551.111:WARNING:pe_image_reader.cc(340)] could not read dos header from C:\Program Files (x86)\Google\Chrome\Application\chrome.exe
[0801/104551.111:ERROR:process_memory_win.cc(73)] ReadMemory at 0x7fffc2760000 of 64 bytes failed: Only part of a ReadProcessMemory or WriteProcessMemory request was completed. (0x12B)
[0801/104551.111:WARNING:pe_image_reader.cc(340)] could not read dos header from C:\Windows\SYSTEM32\ntdll.dll
[0801/104551.111:ERROR:process_memory_win.cc(73)] ReadMemory at 0x7fffc1480000 of 64 bytes failed: Only part of a ReadProcessMemory or WriteProcessMemory request was completed. (0x12B)
[0801/104551.111:WARNING:pe_image_reader.cc(340)] could not read dos header from C:\Windows\System32\KERNEL32.DLL
[0801/104551.111:ERROR:process_memory_win.cc(73)] ReadMemory at 0x7fffbf6e0000 of 64 bytes failed: Only part of a ReadProcessMemory or WriteProcessMemory request was completed. (0x12B)
[0801/104551.112:WARNING:pe_image_reader.cc(340)] could not read dos header from C:\Windows\System32\KERNELBASE.dll
[0801/104551.112:ERROR:process_memory_win.cc(73)] ReadMemory at 0x7fff86520000 of 64 bytes failed: Only part of a ReadProcessMemory or WriteProcessMemory request was completed. (0x12B)
[0801/104551.112:WARNING:pe_image_reader.cc(340)] could not read dos header from C:\Program Files (x86)\Google\Chrome\Application\84.0.4147.105\chrome_elf.dll
[0801/104551.112:ERROR:process_memory_win.cc(73)] ReadMemory at 0x7fffb99c0000 of 64 bytes failed: Only part of a ReadProcessMemory or WriteProcessMemory request was completed. (0x12B)
[0801/104551.112:WARNING:pe_image_reader.cc(340)] could not read dos header from C:\Windows\SYSTEM32\VERSION.dll
[0801/104551.112:ERROR:process_memory_win.cc(73)] ReadMemory at 0x7fffc2540000 of 64 bytes failed: Only part of a ReadProcessMemory or WriteProcessMemory request was completed. (0x12B)
[0801/104551.112:WARNING:pe_image_reader.cc(340)] could not read dos header from C:\Windows\System32\msvcrt.dll
[0801/104551.112:ERROR:process_memory_win.cc(73)] ReadMemory at 0x7fffbfd80000 of 64 bytes failed: Only part of a ReadProcessMemory or WriteProcessMemory request was completed. (0x12B)
[0801/104551.112:WARNING:pe_image_reader.cc(340)] could not read dos header from C:\Windows\System32\bcryptPrimitives.dll
[0801/104551.112:ERROR:process_memory_win.cc(73)] ReadMemory at 0x7fffc2400000 of 64 bytes failed: Only part of a ReadProcessMemory or WriteProcessMemory request was completed. (0x12B)
[0801/104551.112:WARNING:pe_image_reader.cc(340)] could not read dos header from C:\Windows\System32\ADVAPI32.dll
[0801/104551.112:ERROR:process_memory_win.cc(73)] ReadMemory at 0x7fffc0ec0000 of 64 bytes failed: Only part of a ReadProcessMemory or WriteProcessMemory request was completed. (0x12B)
[0801/104551.112:WARNING:pe_image_reader.cc(340)] could not read dos header from C:\Windows\System32\sechost.dll
[0801/104551.112:ERROR:process_memory_win.cc(73)] ReadMemory at 0x7fffc0f60000 of 64 bytes failed: Only part of a ReadProcessMemory or WriteProcessMemory request was completed. (0x12B)
[0801/104551.112:WARNING:pe_image_reader.cc(340)] could not read dos header from C:\Windows\System32\RPCRT4.dll
[0801/104551.112:ERROR:process_memory_win.cc(73)] ReadMemory at 0x7fff3ebc0000 of 64 bytes failed: Only part of a ReadProcessMemory or WriteProcessMemory request was completed. (0x12B)
[0801/104551.112:WARNING:pe_image_reader.cc(340)] could not read dos header from C:\Program Files (x86)\Google\Chrome\Application\84.0.4147.105\chrome.dll
[0801/104551.112:ERROR:process_memory_win.cc(73)] ReadMemory at 0x7fffc1410000 of 64 bytes failed: Only part of a ReadProcessMemory or WriteProcessMemory request was completed. (0x12B)
[0801/104551.112:WARNING:pe_image_reader.cc(340)] could not read dos header from C:\Windows\System32\WS2_32.dll
[0801/104551.112:ERROR:process_memory_win.cc(73)] ReadMemory at 0x7fffc0810000 of 64 bytes failed: Only part of a ReadProcessMemory or WriteProcessMemory request was completed. (0x12B)
[0801/104551.112:WARNING:pe_image_reader.cc(340)] could not read dos header from C:\Windows\System32\OLEAUT32.dll
[0801/104551.112:ERROR:process_memory_win.cc(73)] ReadMemory at 0x7fffbff30000 of 64 bytes failed: Only part of a ReadProcessMemory or WriteProcessMemory request was completed. (0x12B)
[0801/104551.112:WARNING:pe_image_reader.cc(340)] could not read dos header from C:\Windows\System32\msvcp_win.dll
[0801/104551.112:ERROR:process_memory_win.cc(73)] ReadMemory at 0x7fffbfe00000 of 64 bytes failed: Only part of a ReadProcessMemory or WriteProcessMemory request was completed. (0x12B)
[0801/104551.112:WARNING:pe_image_reader.cc(340)] could not read dos header from C:\Windows\System32\ucrtbase.dll
[0801/104551.112:ERROR:process_memory_win.cc(73)] ReadMemory at 0x7fffc15d0000 of 64 bytes failed: Only part of a ReadProcessMemory or WriteProcessMemory request was completed. (0x12B)
[0801/104551.112:WARNING:pe_image_reader.cc(340)] could not read dos header from C:\Windows\System32\combase.dll
[0801/104551.112:ERROR:process_memory_win.cc(73)] ReadMemory at 0x7fffbf990000 of 64 bytes failed: Only part of a ReadProcessMemory or WriteProcessMemory request was completed. (0x12B)
[0801/104551.112:WARNING:pe_image_reader.cc(340)] could not read dos header from C:\Windows\System32\WINTRUST.dll
[0801/104551.112:ERROR:process_memory_win.cc(73)] ReadMemory at 0x7fffbf650000 of 64 bytes failed: Only part of a ReadProcessMemory or WriteProcessMemory request was completed. (0x12B)
[0801/104551.112:WARNING:pe_image_reader.cc(340)] could not read dos header from C:\Windows\System32\MSASN1.dll
[0801/104551.112:ERROR:process_memory_win.cc(73)] ReadMemory at 0x7fffbfc10000 of 64 bytes failed: Only part of a ReadProcessMemory or WriteProcessMemory request was completed. (0x12B)
[0801/104551.112:WARNING:pe_image_reader.cc(340)] could not read dos header from C:\Windows\System32\CRYPT32.dll
[0801/104551.113:ERROR:process_memory_win.cc(73)] ReadMemory at 0x7fffbeb50000 of 64 bytes failed: Only part of a ReadProcessMemory or WriteProcessMemory request was completed. (0x12B)
[0801/104551.113:WARNING:pe_image_reader.cc(340)] could not read dos header from C:\Windows\SYSTEM32\IPHLPAPI.DLL
[0801/104551.113:ERROR:process_memory_win.cc(73)] ReadMemory at 0x7fffbd340000 of 64 bytes failed: Only part of a ReadProcessMemory or WriteProcessMemory request was completed. (0x12B)
[0801/104551.113:WARNING:pe_image_reader.cc(340)] could not read dos header from C:\Windows\SYSTEM32\WINMM.dll
[0801/104551.113:ERROR:process_memory_win.cc(73)] ReadMemory at 0x7fffaf7e0000 of 64 bytes failed: Only part of a ReadProcessMemory or WriteProcessMemory request was completed. (0x12B)
[0801/104551.113:WARNING:pe_image_reader.cc(340)] could not read dos header from C:\Windows\SYSTEM32\Secur32.dll
[0801/104551.113:ERROR:process_memory_win.cc(73)] ReadMemory at 0x7fffbf500000 of 64 bytes failed: Only part of a ReadProcessMemory or WriteProcessMemory request was completed. (0x12B)
[0801/104551.113:WARNING:pe_image_reader.cc(340)] could not read dos header from C:\Windows\SYSTEM32\USERENV.dll
[0801/104551.113:ERROR:process_memory_win.cc(73)] ReadMemory at 0x7fffbf620000 of 64 bytes failed: Only part of a ReadProcessMemory or WriteProcessMemory request was completed. (0x12B)
[0801/104551.113:WARNING:pe_image_reader.cc(340)] could not read dos header from C:\Windows\System32\profapi.dll
[0801/104551.113:ERROR:process_memory_win.cc(73)] ReadMemory at 0x7fff916b0000 of 64 bytes failed: Only part of a ReadProcessMemory or WriteProcessMemory request was completed. (0x12B)
[0801/104551.113:WARNING:pe_image_reader.cc(340)] could not read dos header from C:\Windows\SYSTEM32\UIAutomationCore.DLL
[0801/104551.113:ERROR:process_memory_win.cc(73)] ReadMemory at 0x7fffae800000 of 64 bytes failed: Only part of a ReadProcessMemory or WriteProcessMemory request was completed. (0x12B)
[0801/104551.113:WARNING:pe_image_reader.cc(340)] could not read dos header from C:\Windows\SYSTEM32\DWrite.dll
[0801/104551.113:ERROR:process_memory_win.cc(73)] ReadMemory at 0x7fffae120000 of 64 bytes failed: Only part of a ReadProcessMemory or WriteProcessMemory request was completed. (0x12B)
[0801/104551.113:WARNING:pe_image_reader.cc(340)] could not read dos header from C:\Windows\SYSTEM32\WINSPOOL.DRV
[0801/104551.113:ERROR:process_memory_win.cc(73)] ReadMemory at 0x7fffbf670000 of 64 bytes failed: Only part of a ReadProcessMemory or WriteProcessMemory request was completed. (0x12B)
[0801/104551.113:WARNING:pe_image_reader.cc(340)] could not read dos header from C:\Windows\System32\kernel.appcore.dll
[0801/104551.113:ERROR:process_memory_win.cc(73)] ReadMemory at 0x7fffbfa40000 of 64 bytes failed: Only part of a ReadProcessMemory or WriteProcessMemory request was completed. (0x12B)
[0801/104551.113:WARNING:pe_image_reader.cc(340)] could not read dos header from C:\Windows\System32\bcrypt.dll
[0801/104551.113:ERROR:process_memory_win.cc(73)] ReadMemory at 0x7fffbde60000 of 64 bytes failed: Only part of a ReadProcessMemory or WriteProcessMemory request was completed. (0x12B)
[0801/104551.113:WARNING:pe_image_reader.cc(340)] could not read dos header from C:\Windows\SYSTEM32\dbghelp.dll
[0801/104551.113:ERROR:process_memory_win.cc(73)] ReadMemory at 0x7fffbaa70000 of 64 bytes failed: Only part of a ReadProcessMemory or WriteProcessMemory request was completed. (0x12B)
[0801/104551.113:WARNING:pe_image_reader.cc(340)] could not read dos header from C:\Windows\SYSTEM32\WINHTTP.dll
[0801/104551.113:ERROR:process_memory_win.cc(73)] ReadMemory at 0x7fffba120000 of 64 bytes failed: Only part of a ReadProcessMemory or WriteProcessMemory request was completed. (0x12B)
[0801/104551.113:WARNING:pe_image_reader.cc(340)] could not read dos header from C:\Windows\SYSTEM32\dhcpcsvc.DLL
[0801/104551.113:ERROR:process_memory_win.cc(73)] ReadMemory at 0x7fffc15c0000 of 64 bytes failed: Only part of a ReadProcessMemory or WriteProcessMemory request was completed. (0x12B)
[0801/104551.113:WARNING:pe_image_reader.cc(340)] could not read dos header from C:\Windows\System32\NSI.dll
[0801/104551.113:ERROR:process_memory_win.cc(73)] ReadMemory at 0x7fffbd1e0000 of 64 bytes failed: Only part of a ReadProcessMemory or WriteProcessMemory request was completed. (0x12B)
[0801/104551.113:WARNING:pe_image_reader.cc(340)] could not read dos header from C:\Windows\SYSTEM32\WINMMBASE.dll
[0801/104551.113:ERROR:process_memory_win.cc(73)] ReadMemory at 0x7fffbf9f0000 of 64 bytes failed: Only part of a ReadProcessMemory or WriteProcessMemory request was completed. (0x12B)
[0801/104551.113:WARNING:pe_image_reader.cc(340)] could not read dos header from C:\Windows\System32\cfgmgr32.dll
[0801/104551.113:ERROR:process_memory_win.cc(73)] ReadMemory at 0x7fffbbb40000 of 64 bytes failed: Only part of a ReadProcessMemory or WriteProcessMemory request was completed. (0x12B)
[0801/104551.113:WARNING:pe_image_reader.cc(340)] could not read dos header from C:\Windows\SYSTEM32\PROPSYS.dll
[0801/104551.113:ERROR:process_memory_win.cc(73)] ReadMemory at 0x7fffc0e10000 of 64 bytes failed: Only part of a ReadProcessMemory or WriteProcessMemory request was completed. (0x12B)
[0801/104551.113:WARNING:pe_image_reader.cc(340)] could not read dos header from C:\Windows\System32\shcore.dll
[0801/104551.113:ERROR:process_memory_win.cc(73)] ReadMemory at 0x7fffbf530000 of 64 bytes failed: Only part of a ReadProcessMemory or WriteProcessMemory request was completed. (0x12B)
[0801/104551.113:WARNING:pe_image_reader.cc(340)] could not read dos header from C:\Windows\SYSTEM32\SSPICLI.DLL
[0801/104551.113:ERROR:process_memory_win.cc(73)] ReadMemory at 0x7fffbefb0000 of 64 bytes failed: Only part of a ReadProcessMemory or WriteProcessMemory request was completed. (0x12B)
[0801/104551.113:WARNING:pe_image_reader.cc(340)] could not read dos header from C:\Windows\SYSTEM32\CRYPTBASE.DLL
[0801/104551.119:ERROR:process_memory_win.cc(73)] ReadMemory at 0xc5fb9f9000 of 28672 bytes failed: Only part of a ReadProcessMemory or WriteProcessMemory request was completed. (0x12B)
[0801/104551.119:ERROR:process_memory_win.cc(73)] ReadMemory at 0xc5fc1fd000 of 12288 bytes failed: Only part of a ReadProcessMemory or WriteProcessMemory request was completed. (0x12B)
[0801/104551.119:ERROR:process_memory_win.cc(73)] ReadMemory at 0xc5fc9fd000 of 12288 bytes failed: Only part of a ReadProcessMemory or WriteProcessMemory request was completed. (0x12B)
[0801/104551.119:ERROR:process_memory_win.cc(73)] ReadMemory at 0xc5fd1fd000 of 12288 bytes failed: Only part of a ReadProcessMemory or WriteProcessMemory request was completed. (0x12B)
[0801/104551.119:ERROR:process_memory_win.cc(73)] ReadMemory at 0xc5fd9fc000 of 16384 bytes failed: Only part of a ReadProcessMemory or WriteProcessMemory request was completed. (0x12B)
[0801/104551.119:ERROR:process_memory_win.cc(73)] ReadMemory at 0xc5fe1fe000 of 8192 bytes failed: Only part of a ReadProcessMemory or WriteProcessMemory request was completed. (0x12B)
[0801/104551.119:ERROR:process_memory_win.cc(73)] ReadMemory at 0xc5fe9fd000 of 12288 bytes failed: Only part of a ReadProcessMemory or WriteProcessMemory request was completed. (0x12B)
[0801/104551.119:ERROR:process_memory_win.cc(73)] ReadMemory at 0xc5ff1fc000 of 16384 bytes failed: Only part of a ReadProcessMemory or WriteProcessMemory request was completed. (0x12B)
[0801/104551.119:ERROR:process_memory_win.cc(73)] ReadMemory at 0xc5ff9fd000 of 12288 bytes failed: Only part of a ReadProcessMemory or WriteProcessMemory request was completed. (0x12B)
[0801/104551.119:ERROR:process_memory_win.cc(73)] ReadMemory at 0xc5807fd000 of 12288 bytes failed: Only part of a ReadProcessMemory or WriteProcessMemory request was completed. (0x12B)
[0801/104551.119:ERROR:process_memory_win.cc(73)] ReadMemory at 0xc580ffd000 of 12288 bytes failed: Only part of a ReadProcessMemory or WriteProcessMemory request was completed. (0x12B)
[0801/104551.120:ERROR:process_memory_win.cc(73)] ReadMemory at 0xc5817fd000 of 12288 bytes failed: Only part of a ReadProcessMemory or WriteProcessMemory request was completed. (0x12B)
[0801/104551.120:ERROR:process_memory_win.cc(73)] ReadMemory at 0xc581ffd000 of 12288 bytes failed: Only part of a ReadProcessMemory or WriteProcessMemory request was completed. (0x12B)
[0801/104551.120:ERROR:process_memory_win.cc(73)] ReadMemory at 0xc5827fd000 of 12288 bytes failed: Only part of a ReadProcessMemory or WriteProcessMemory request was completed. (0x12B)
[0801/104551.120:ERROR:process_memory_win.cc(73)] ReadMemory at 0xc582ffd000 of 12288 bytes failed: Only part of a ReadProcessMemory or WriteProcessMemory request was completed. (0x12B)
[0801/104551.120:ERROR:process_memory_win.cc(73)] ReadMemory at 0xc5837fd000 of 12288 bytes failed: Only part of a ReadProcessMemory or WriteProcessMemory request was completed. (0x12B)
[0801/104551.120:ERROR:process_memory_win.cc(73)] ReadMemory at 0xc5fb195000 of 852 bytes failed: Only part of a ReadProcessMemory or WriteProcessMemory request was completed. (0x12B)
[0801/104551.120:ERROR:process_memory_win.cc(73)] ReadMemory at 0xc5fb196000 of 6024 bytes failed: Only part of a ReadProcessMemory or WriteProcessMemory request was completed. (0x12B)
[0801/104551.120:ERROR:process_memory_win.cc(73)] ReadMemory at 0xc5fb198000 of 6024 bytes failed: Only part of a ReadProcessMemory or WriteProcessMemory request was completed. (0x12B)
[0801/104551.120:ERROR:process_memory_win.cc(73)] ReadMemory at 0xc5fb19a000 of 6024 bytes failed: Only part of a ReadProcessMemory or WriteProcessMemory request was completed. (0x12B)
[0801/104551.120:ERROR:process_memory_win.cc(73)] ReadMemory at 0xc5fb19c000 of 6024 bytes failed: Only part of a ReadProcessMemory or WriteProcessMemory request was completed. (0x12B)
[0801/104551.120:ERROR:process_memory_win.cc(73)] ReadMemory at 0xc5fb19e000 of 6024 bytes failed: Only part of a ReadProcessMemory or WriteProcessMemory request was completed. (0x12B)
[0801/104551.120:ERROR:process_memory_win.cc(73)] ReadMemory at 0xc5fb1a0000 of 6024 bytes failed: Only part of a ReadProcessMemory or WriteProcessMemory request was completed. (0x12B)
[0801/104551.120:ERROR:process_memory_win.cc(73)] ReadMemory at 0xc5fb1a2000 of 6024 bytes failed: Only part of a ReadProcessMemory or WriteProcessMemory request was completed. (0x12B)
[0801/104551.120:ERROR:process_memory_win.cc(73)] ReadMemory at 0xc5fb1a4000 of 6024 bytes failed: Only part of a ReadProcessMemory or WriteProcessMemory request was completed. (0x12B)
[0801/104551.120:ERROR:process_memory_win.cc(73)] ReadMemory at 0xc5fb1a6000 of 6024 bytes failed: Only part of a ReadProcessMemory or WriteProcessMemory request was completed. (0x12B)
[0801/104551.120:ERROR:process_memory_win.cc(73)] ReadMemory at 0xc5fb1a8000 of 6024 bytes failed: Only part of a ReadProcessMemory or WriteProcessMemory request was completed. (0x12B)
[0801/104551.121:ERROR:process_memory_win.cc(73)] ReadMemory at 0xc5fb1aa000 of 6024 bytes failed: Only part of a ReadProcessMemory or WriteProcessMemory request was completed. (0x12B)
[0801/104551.121:ERROR:process_memory_win.cc(73)] ReadMemory at 0xc5fb1ac000 of 6024 bytes failed: Only part of a ReadProcessMemory or WriteProcessMemory request was completed. (0x12B)
[0801/104551.121:ERROR:process_memory_win.cc(73)] ReadMemory at 0xc5fb1ae000 of 6024 bytes failed: Only part of a ReadProcessMemory or WriteProcessMemory request was completed. (0x12B)
[0801/104551.121:ERROR:process_memory_win.cc(73)] ReadMemory at 0xc5fb1b0000 of 6024 bytes failed: Only part of a ReadProcessMemory or WriteProcessMemory request was completed. (0x12B)
[0801/104551.121:ERROR:process_memory_win.cc(73)] ReadMemory at 0xc5fb1b2000 of 6024 bytes failed: Only part of a ReadProcessMemory or WriteProcessMemory request was completed. (0x12B)
[0801/104551.121:ERROR:process_memory_win.cc(73)] ReadMemory at 0xc5fb1b4000 of 6024 bytes failed: Only part of a ReadProcessMemory or WriteProcessMemory request was completed. (0x12B)
[0801/104551.121:ERROR:process_memory_win.cc(73)] ReadMemory at 0x23021de0fe0 of 18904 bytes failed: Only part of a ReadProcessMemory or WriteProcessMemory request was completed. (0x12B)
[0801/104551.121:ERROR:process_memory_win.cc(73)] ReadMemory at 0x23021de59c0 of 1012 bytes failed: Only part of a ReadProcessMemory or WriteProcessMemory request was completed. (0x12B)
[0801/104551.121:ERROR:process_memory_win.cc(73)] ReadMemory at 0x23021de6008 of 118 bytes failed: Only part of a ReadProcessMemory or WriteProcessMemory request was completed. (0x12B)
[0801/104551.121:ERROR:process_memory_win.cc(73)] ReadMemory at 0x23021de6080 of 758 bytes failed: Only part of a ReadProcessMemory or WriteProcessMemory request was completed. (0x12B)
[0801/104551.121:ERROR:process_memory_win.cc(73)] ReadMemory at 0x23021de6378 of 118 bytes failed: Only part of a ReadProcessMemory or WriteProcessMemory request was completed. (0x12B)
[0801/104551.121:ERROR:process_memory_win.cc(73)] ReadMemory at 0x23021de63f0 of 96 bytes failed: Only part of a ReadProcessMemory or WriteProcessMemory request was completed. (0x12B)
[0801/104551.121:ERROR:process_memory_win.cc(73)] ReadMemory at 0x23021de6460 of 58 bytes failed: Only part of a ReadProcessMemory or WriteProcessMemory request was completed. (0x12B)
[0801/104551.121:ERROR:process_memory_win.cc(73)] ReadMemory at 0x23021de6560 of 132 bytes failed: Only part of a ReadProcessMemory or WriteProcessMemory request was completed. (0x12B)
[0801/104551.121:ERROR:process_memory_win.cc(73)] ReadMemory at 0x23021de66f0 of 132 bytes failed: Only part of a ReadProcessMemory or WriteProcessMemory request was completed. (0x12B)
[0801/104551.121:ERROR:process_memory_win.cc(73)] ReadMemory at 0x23021de68b0 of 126 bytes failed: Only part of a ReadProcessMemory or WriteProcessMemory request was completed. (0x12B)
[0801/104551.121:ERROR:process_memory_win.cc(73)] ReadMemory at 0x23021de6c90 of 132 bytes failed: Only part of a ReadProcessMemory or WriteProcessMemory request was completed. (0x12B)
[0801/104551.121:ERROR:process_memory_win.cc(73)] ReadMemory at 0x23021de6e20 of 64 bytes failed: Only part of a ReadProcessMemory or WriteProcessMemory request was completed. (0x12B)
[0801/104551.121:ERROR:process_memory_win.cc(73)] ReadMemory at 0x23021de6fe0 of 132 bytes failed: Only part of a ReadProcessMemory or WriteProcessMemory request was completed. (0x12B)
[0801/104551.122:ERROR:process_memory_win.cc(73)] ReadMemory at 0x23021de7280 of 132 bytes failed: Only part of a ReadProcessMemory or WriteProcessMemory request was completed. (0x12B)
[0801/104551.122:ERROR:process_memory_win.cc(73)] ReadMemory at 0x23021de7410 of 68 bytes failed: Only part of a ReadProcessMemory or WriteProcessMemory request was completed. (0x12B)
[0801/104551.122:ERROR:process_memory_win.cc(73)] ReadMemory at 0x23021de84f0 of 132 bytes failed: Only part of a ReadProcessMemory or WriteProcessMemory request was completed. (0x12B)
[0801/104551.122:ERROR:process_memory_win.cc(73)] ReadMemory at 0x23021de8680 of 154 bytes failed: Only part of a ReadProcessMemory or WriteProcessMemory request was completed. (0x12B)
[0801/104551.122:ERROR:process_memory_win.cc(73)] ReadMemory at 0x23021de9490 of 62 bytes failed: Only part of a ReadProcessMemory or WriteProcessMemory request was completed. (0x12B)
[0801/104551.122:ERROR:process_memory_win.cc(73)] ReadMemory at 0x23021de95f0 of 132 bytes failed: Only part of a ReadProcessMemory or WriteProcessMemory request was completed. (0x12B)
[0801/104551.122:ERROR:process_memory_win.cc(73)] ReadMemory at 0x23021de9780 of 60 bytes failed: Only part of a ReadProcessMemory or WriteProcessMemory request was completed. (0x12B)
[0801/104551.122:ERROR:process_memory_win.cc(73)] ReadMemory at 0x23021df8ff0 of 62 bytes failed: Only part of a ReadProcessMemory or WriteProcessMemory request was completed. (0x12B)
[0801/104551.122:ERROR:process_memory_win.cc(73)] ReadMemory at 0x23021dfb5d0 of 54 bytes failed: Only part of a ReadProcessMemory or WriteProcessMemory request was completed. (0x12B)
[0801/104551.122:ERROR:process_memory_win.cc(73)] ReadMemory at 0x23021dfbfa0 of 80 bytes failed: Only part of a ReadProcessMemory or WriteProcessMemory request was completed. (0x12B)
[0801/104551.122:ERROR:process_memory_win.cc(73)] ReadMemory at 0x23021dfe170 of 132 bytes failed: Only part of a ReadProcessMemory or WriteProcessMemory request was completed. (0x12B)
[0801/104551.122:ERROR:process_memory_win.cc(73)] ReadMemory at 0x23021dfe4d0 of 132 bytes failed: Only part of a ReadProcessMemory or WriteProcessMemory request was completed. (0x12B)
[0801/104551.122:ERROR:process_memory_win.cc(73)] ReadMemory at 0x23021dfea80 of 132 bytes failed: Only part of a ReadProcessMemory or WriteProcessMemory request was completed. (0x12B)
[0801/104551.122:ERROR:process_memory_win.cc(73)] ReadMemory at 0x23021dfeda0 of 132 bytes failed: Only part of a ReadProcessMemory or WriteProcessMemory request was completed. (0x12B)
[0801/104551.122:ERROR:process_memory_win.cc(73)] ReadMemory at 0x23021dff880 of 132 bytes failed: Only part of a ReadProcessMemory or WriteProcessMemory request was completed. (0x12B)
[0801/104551.122:ERROR:process_memory_win.cc(73)] ReadMemory at 0x23021dff9b0 of 132 bytes failed: Only part of a ReadProcessMemory or WriteProcessMemory request was completed. (0x12B)
[0801/104551.122:ERROR:process_memory_win.cc(73)] ReadMemory at 0x23021dffae0 of 132 bytes failed: Only part of a ReadProcessMemory or WriteProcessMemory request was completed. (0x12B)
[0801/104551.122:ERROR:process_memory_win.cc(73)] ReadMemory at 0x23021dffc10 of 132 bytes failed: Only part of a ReadProcessMemory or WriteProcessMemory request was completed. (0x12B)
[0801/104551.122:ERROR:process_memory_win.cc(73)] ReadMemory at 0x23021dffd40 of 132 bytes failed: Only part of a ReadProcessMemory or WriteProcessMemory request was completed. (0x12B)
[0801/104551.122:ERROR:process_memory_win.cc(73)] ReadMemory at 0x23021dffe70 of 132 bytes failed: Only part of a ReadProcessMemory or WriteProcessMemory request was completed. (0x12B)
[0801/104551.122:ERROR:process_memory_win.cc(73)] ReadMemory at 0x23021dfffa0 of 132 bytes failed: Only part of a ReadProcessMemory or WriteProcessMemory request was completed. (0x12B)
[0801/104551.122:ERROR:process_memory_win.cc(73)] ReadMemory at 0x23021e000d0 of 132 bytes failed: Only part of a ReadProcessMemory or WriteProcessMemory request was completed. (0x12B)
[0801/104551.122:ERROR:process_memory_win.cc(73)] ReadMemory at 0x23021e00200 of 132 bytes failed: Only part of a ReadProcessMemory or WriteProcessMemory request was completed. (0x12B)
[0801/104551.122:ERROR:process_memory_win.cc(73)] ReadMemory at 0x23021e00330 of 132 bytes failed: Only part of a ReadProcessMemory or WriteProcessMemory request was completed. (0x12B)
[0801/104551.123:ERROR:process_memory_win.cc(73)] ReadMemory at 0x23021e00460 of 132 bytes failed: Only part of a ReadProcessMemory or WriteProcessMemory request was completed. (0x12B)
[0801/104551.123:ERROR:process_memory_win.cc(73)] ReadMemory at 0x23021e00590 of 132 bytes failed: Only part of a ReadProcessMemory or WriteProcessMemory request was completed. (0x12B)
[0801/104551.123:ERROR:process_memory_win.cc(73)] ReadMemory at 0x23021e04950 of 132 bytes failed: Only part of a ReadProcessMemory or WriteProcessMemory request was completed. (0x12B)
[0801/104551.123:ERROR:process_memory_win.cc(73)] ReadMemory at 0x23021e06db0 of 132 bytes failed: Only part of a ReadProcessMemory or WriteProcessMemory request was completed. (0x12B)
[0801/104551.123:ERROR:process_memory_win.cc(73)] ReadMemory at 0x23021e072f0 of 132 bytes failed: Only part of a ReadProcessMemory or WriteProcessMemory request was completed. (0x12B)
[0801/104551.123:ERROR:process_memory_win.cc(73)] ReadMemory at 0x23021e07420 of 132 bytes failed: Only part of a ReadProcessMemory or WriteProcessMemory request was completed. (0x12B)
[0801/104551.123:ERROR:process_memory_win.cc(73)] ReadMemory at 0x23021e085a0 of 132 bytes failed: Only part of a ReadProcessMemory or WriteProcessMemory request was completed. (0x12B)
[0801/104551.123:ERROR:process_memory_win.cc(73)] ReadMemory at 0x23021e09cd0 of 64 bytes failed: Only part of a ReadProcessMemory or WriteProcessMemory request was completed. (0x12B)
[0801/104551.123:ERROR:process_memory_win.cc(73)] ReadMemory at 0x23021e09d20 of 64 bytes failed: Only part of a ReadProcessMemory or WriteProcessMemory request was completed. (0x12B)
[0801/104551.123:ERROR:process_memory_win.cc(73)] ReadMemory at 0x23021e09d70 of 58 bytes failed: Only part of a ReadProcessMemory or WriteProcessMemory request was completed. (0x12B)
[0801/104551.123:ERROR:process_memory_win.cc(73)] ReadMemory at 0x23021e09e60 of 62 bytes failed: Only part of a ReadProcessMemory or WriteProcessMemory request was completed. (0x12B)
[0801/104551.123:ERROR:process_memory_win.cc(73)] ReadMemory at 0x23021e09f00 of 64 bytes failed: Only part of a ReadProcessMemory or WriteProcessMemory request was completed. (0x12B)
[0801/104551.123:ERROR:process_memory_win.cc(73)] ReadMemory at 0x23021e09f50 of 62 bytes failed: Only part of a ReadProcessMemory or WriteProcessMemory request was completed. (0x12B)
[0801/104551.123:ERROR:process_memory_win.cc(73)] ReadMemory at 0x23021e09ff0 of 60 bytes failed: Only part of a ReadProcessMemory or WriteProcessMemory request was completed. (0x12B)
[0801/104551.123:ERROR:process_memory_win.cc(73)] ReadMemory at 0x23021e0a090 of 66 bytes failed: Only part of a ReadProcessMemory or WriteProcessMemory request was completed. (0x12B)
[0801/104551.123:ERROR:process_memory_win.cc(73)] ReadMemory at 0x23021e0a0e0 of 66 bytes failed: Only part of a ReadProcessMemory or WriteProcessMemory request was completed. (0x12B)
[0801/104551.123:ERROR:process_memory_win.cc(73)] ReadMemory at 0x23021e0a130 of 62 bytes failed: Only part of a ReadProcessMemory or WriteProcessMemory request was completed. (0x12B)
[0801/104551.123:ERROR:process_memory_win.cc(73)] ReadMemory at 0x23021e0a180 of 60 bytes failed: Only part of a ReadProcessMemory or WriteProcessMemory request was completed. (0x12B)
[0801/104551.123:ERROR:process_memory_win.cc(73)] ReadMemory at 0x23021e0a1d0 of 60 bytes failed: Only part of a ReadProcessMemory or WriteProcessMemory request was completed. (0x12B)
[0801/104551.123:ERROR:process_memory_win.cc(73)] ReadMemory at 0x23021e0a3b0 of 62 bytes failed: Only part of a ReadProcessMemory or WriteProcessMemory request was completed. (0x12B)
[0801/104551.123:ERROR:process_memory_win.cc(73)] ReadMemory at 0x23021e0a400 of 60 bytes failed: Only part of a ReadProcessMemory or WriteProcessMemory request was completed. (0x12B)
[0801/104551.123:ERROR:process_memory_win.cc(73)] ReadMemory at 0x23021e0a450 of 62 bytes failed: Only part of a ReadProcessMemory or WriteProcessMemory request was completed. (0x12B)
[0801/104551.123:ERROR:process_memory_win.cc(73)] ReadMemory at 0x23021e0a4a0 of 64 bytes failed: Only part of a ReadProcessMemory or WriteProcessMemory request was completed. (0x12B)
[0801/104551.124:ERROR:process_memory_win.cc(73)] ReadMemory at 0x23021e0a4f0 of 64 bytes failed: Only part of a ReadProcessMemory or WriteProcessMemory request was completed. (0x12B)
[0801/104551.124:ERROR:process_memory_win.cc(73)] ReadMemory at 0x23021e0a630 of 62 bytes failed: Only part of a ReadProcessMemory or WriteProcessMemory request was completed. (0x12B)
[0801/104551.124:ERROR:process_memory_win.cc(73)] ReadMemory at 0x23021e0a680 of 60 bytes failed: Only part of a ReadProcessMemory or WriteProcessMemory request was completed. (0x12B)
[0801/104551.124:ERROR:process_memory_win.cc(73)] ReadMemory at 0x23021e0a720 of 64 bytes failed: Only part of a ReadProcessMemory or WriteProcessMemory request was completed. (0x12B)
[0801/104551.124:ERROR:process_memory_win.cc(73)] ReadMemory at 0x23021e0a770 of 62 bytes failed: Only part of a ReadProcessMemory or WriteProcessMemory request was completed. (0x12B)
[0801/104551.124:ERROR:process_memory_win.cc(73)] ReadMemory at 0x23021e0a810 of 62 bytes failed: Only part of a ReadProcessMemory or WriteProcessMemory request was completed. (0x12B)
[0801/104551.124:ERROR:process_memory_win.cc(73)] ReadMemory at 0x23021e0a860 of 60 bytes failed: Only part of a ReadProcessMemory or WriteProcessMemory request was completed. (0x12B)
[0801/104551.124:ERROR:process_memory_win.cc(73)] ReadMemory at 0x23021e0a950 of 62 bytes failed: Only part of a ReadProcessMemory or WriteProcessMemory request was completed. (0x12B)
[0801/104551.124:ERROR:process_memory_win.cc(73)] ReadMemory at 0x23021e0aa40 of 64 bytes failed: Only part of a ReadProcessMemory or WriteProcessMemory request was completed. (0x12B)
[0801/104551.124:ERROR:process_memory_win.cc(73)] ReadMemory at 0x23021e0ac20 of 64 bytes failed: Only part of a ReadProcessMemory or WriteProcessMemory request was completed. (0x12B)
[0801/104551.124:ERROR:process_memory_win.cc(73)] ReadMemory at 0x23021e0be40 of 132 bytes failed: Only part of a ReadProcessMemory or WriteProcessMemory request was completed. (0x12B)
[0801/104551.124:ERROR:process_memory_win.cc(73)] ReadMemory at 0x23021e0ddb0 of 146 bytes failed: Only part of a ReadProcessMemory or WriteProcessMemory request was completed. (0x12B)
[0801/104551.124:ERROR:process_memory_win.cc(73)] ReadMemory at 0x23021e0e460 of 80 bytes failed: Only part of a ReadProcessMemory or WriteProcessMemory request was completed. (0x12B)
[0801/104551.124:ERROR:process_memory_win.cc(73)] ReadMemory at 0x23021e0ee20 of 76 bytes failed: Only part of a ReadProcessMemory or WriteProcessMemory request was completed. (0x12B)
[0801/104551.124:ERROR:process_memory_win.cc(73)] ReadMemory at 0x23021e0f1f0 of 132 bytes failed: Only part of a ReadProcessMemory or WriteProcessMemory request was completed. (0x12B)
[0801/104551.124:ERROR:process_memory_win.cc(73)] ReadMemory at 0x23021e0f450 of 132 bytes failed: Only part of a ReadProcessMemory or WriteProcessMemory request was completed. (0x12B)
[0801/104551.124:ERROR:process_memory_win.cc(73)] ReadMemory at 0x23021e0f7e0 of 132 bytes failed: Only part of a ReadProcessMemory or WriteProcessMemory request was completed. (0x12B)
[0801/104551.124:ERROR:process_memory_win.cc(73)] ReadMemory at 0x23021e0fb70 of 132 bytes failed: Only part of a ReadProcessMemory or WriteProcessMemory request was completed. (0x12B)
[0801/104551.124:ERROR:process_memory_win.cc(73)] ReadMemory at 0x23021e0fca0 of 132 bytes failed: Only part of a ReadProcessMemory or WriteProcessMemory request was completed. (0x12B)
[0801/104551.124:ERROR:process_memory_win.cc(73)] ReadMemory at 0x23021e0ff00 of 132 bytes failed: Only part of a ReadProcessMemory or WriteProcessMemory request was completed. (0x12B)
[0801/104551.124:ERROR:process_memory_win.cc(73)] ReadMemory at 0x23021e10160 of 132 bytes failed: Only part of a ReadProcessMemory or WriteProcessMemory request was completed. (0x12B)
[0801/104551.124:ERROR:process_memory_win.cc(73)] ReadMemory at 0x23021e10290 of 132 bytes failed: Only part of a ReadProcessMemory or WriteProcessMemory request was completed. (0x12B)
[0801/104551.124:ERROR:process_memory_win.cc(73)] ReadMemory at 0x23021e109b0 of 132 bytes failed: Only part of a ReadProcessMemory or WriteProcessMemory request was completed. (0x12B)
[0801/104551.124:ERROR:process_memory_win.cc(73)] ReadMemory at 0x23021e10c10 of 132 bytes failed: Only part of a ReadProcessMemory or WriteProcessMemory request was completed. (0x12B)
[0801/104551.124:ERROR:process_memory_win.cc(73)] ReadMemory at 0x23021e59380 of 512 bytes failed: Only part of a ReadProcessMemory or WriteProcessMemory request was completed. (0x12B)
[0801/104551.125:ERROR:process_memory_win.cc(73)] ReadMemory at 0x23021e71610 of 512 bytes failed: Only part of a ReadProcessMemory or WriteProcessMemory request was completed. (0x12B)
[0801/104551.125:ERROR:process_memory_win.cc(73)] ReadMemory at 0x23021e874e0 of 512 bytes failed: Only part of a ReadProcessMemory or WriteProcessMemory request was completed. (0x12B)
[0801/104551.125:ERROR:process_memory_win.cc(73)] ReadMemory at 0x23021e8ac50 of 512 bytes failed: Only part of a ReadProcessMemory or WriteProcessMemory request was completed. (0x12B)
[0801/104551.125:ERROR:process_memory_win.cc(73)] ReadMemory at 0x23021e8af50 of 512 bytes failed: Only part of a ReadProcessMemory or WriteProcessMemory request was completed. (0x12B)
[0801/104551.125:ERROR:process_memory_win.cc(73)] ReadMemory at 0x23021e951d0 of 712 bytes failed: Only part of a ReadProcessMemory or WriteProcessMemory request was completed. (0x12B)
[0801/104551.125:ERROR:process_memory_win.cc(73)] ReadMemory at 0x23021ebd710 of 512 bytes failed: Only part of a ReadProcessMemory or WriteProcessMemory request was completed. (0x12B)
[0801/104551.125:ERROR:process_memory_win.cc(73)] ReadMemory at 0x230237c0000 of 384 bytes failed: Only part of a ReadProcessMemory or WriteProcessMemory request was completed. (0x12B)
[0801/104551.125:ERROR:process_memory_win.cc(73)] ReadMemory at 0x23023823b40 of 512 bytes failed: Only part of a ReadProcessMemory or WriteProcessMemory request was completed. (0x12B)
[0801/104551.125:ERROR:process_memory_win.cc(73)] ReadMemory at 0x230238a63c0 of 512 bytes failed: Only part of a ReadProcessMemory or WriteProcessMemory request was completed. (0x12B)
[0801/104551.125:ERROR:process_memory_win.cc(73)] ReadMemory at 0x23023beb568 of 512 bytes failed: Only part of a ReadProcessMemory or WriteProcessMemory request was completed. (0x12B)
[0801/104551.125:ERROR:process_memory_win.cc(73)] ReadMemory at 0x23023c2c8c0 of 512 bytes failed: Only part of a ReadProcessMemory or WriteProcessMemory request was completed. (0x12B)
[0801/104551.125:ERROR:process_memory_win.cc(73)] ReadMemory at 0x7fff413c979c of 512 bytes failed: Only part of a ReadProcessMemory or WriteProcessMemory request was completed. (0x12B)
[0801/104551.125:ERROR:process_memory_win.cc(73)] ReadMemory at 0x7fff41b837d2 of 553 bytes failed: Only part of a ReadProcessMemory or WriteProcessMemory request was completed. (0x12B)
[0801/104551.125:ERROR:process_memory_win.cc(73)] ReadMemory at 0x7fff467423c8 of 512 bytes failed: Only part of a ReadProcessMemory or WriteProcessMemory request was completed. (0x12B)
[0801/104551.125:ERROR:process_memory_win.cc(73)] ReadMemory at 0x7fffbf94c720 of 512 bytes failed: Only part of a ReadProcessMemory or WriteProcessMemory request was completed. (0x12B)
[0801/104551.125:ERROR:process_memory_win.cc(73)] ReadMemory at 0x7fffc27fc074 of 672 bytes failed: Only part of a ReadProcessMemory or WriteProcessMemory request was completed. (0x12B)
[0801/104551.125:ERROR:process_memory_win.cc(73)] ReadMemory at 0x7fffc27fc674 of 512 bytes failed: Only part of a ReadProcessMemory or WriteProcessMemory request was completed. (0x12B)
[0801/104551.125:ERROR:process_memory_win.cc(73)] ReadMemory at 0x7fffc27ff924 of 608 bytes failed: Only part of a ReadProcessMemory or WriteProcessMemory request was completed. (0x12B)
[0801/104551.125:ERROR:process_memory_win.cc(73)] ReadMemory at 0x7fffc288c428 of 18 bytes failed: Only part of a ReadProcessMemory or WriteProcessMemory request was completed. (0x12B)
[0801/104551.125:ERROR:process_memory_win.cc(73)] ReadMemory at 0x7fffc28bf4f8 of 40 bytes failed: Only part of a ReadProcessMemory or WriteProcessMemory request was completed. (0x12B)
[0801/104551.125:ERROR:process_memory_win.cc(73)] ReadMemory at 0x7fffc28bf978 of 48 bytes failed: Only part of a ReadProcessMemory or WriteProcessMemory request was completed. (0x12B)
[0801/104551.125:ERROR:process_memory_win.cc(73)] ReadMemory at 0x7fffc28c53c0 of 64 bytes failed: Only part of a ReadProcessMemory or WriteProcessMemory request was completed. (0x12B)
[0801/104551.126:ERROR:scoped_process_suspend.cc(40)] NtResumeProcess: An attempt was made to access an exiting process. (0xc000010a)
